<?xml version="1.0" encoding="UTF-8"?>
<!-- Generated by org.testng.reporters.JUnitReportReporter -->
<testsuite hostname="ATMECSBLRLT-036" failures="0" tests="1" name="com.atmecs.chatbox.utilitiesfile.UtilitiesClass" time="0.016" errors="0" timestamp="24 Sep 2020 08:15:36 GMT" skipped="0">
  <testcase classname="com.atmecs.chatbox.utilitiesfile.UtilitiesClass" name="propertiesFile" time="0.016"/>
</testsuite> <!-- com.atmecs.chatbox.utilitiesfile.UtilitiesClass -->
