<?xml version="1.0" encoding="UTF-8"?>
<!-- Generated by org.testng.reporters.JUnitReportReporter -->
<testsuite hostname="ATMECSBLRLT-036" failures="0" tests="1" name="com.atmecs.chatbox.ChatBoxTest" time="58.289" errors="0" timestamp="25 Sep 2020 11:09:27 GMT" skipped="0">
  <testcase classname="com.atmecs.chatbox.ChatBoxTest" name="chatBoxTest" time="58.289"/>
</testsuite> <!-- com.atmecs.chatbox.ChatBoxTest -->
