<?xml version="1.0" encoding="UTF-8"?>
<!-- Generated by org.testng.reporters.JUnitReportReporter -->
<testsuite hostname="ATMECSBLRLT-036" failures="0" tests="1" name="com.atmecs.chatbox.ChatBoxTest" time="52.056" errors="0" timestamp="22 Sep 2020 06:31:10 GMT" skipped="0">
  <testcase classname="com.atmecs.chatbox.ChatBoxTest" name="chatBox" time="52.056"/>
</testsuite> <!-- com.atmecs.chatbox.ChatBoxTest -->
