<?xml version="1.0" encoding="UTF-8"?>
<!-- Generated by org.testng.reporters.JUnitReportReporter -->
<testsuite hostname="ATMECSBLRLT-036" failures="0" tests="1" name="com.atmecs.chatbox.ChatBox" time="61.447" errors="0" timestamp="21 Sep 2020 10:14:15 GMT" skipped="0">
  <testcase classname="com.atmecs.chatbox.ChatBox" name="chatBox" time="61.447"/>
</testsuite> <!-- com.atmecs.chatbox.ChatBox -->
