<?xml version="1.0" encoding="UTF-8"?>
<!-- Generated by org.testng.reporters.JUnitReportReporter -->
<testsuite hostname="ATMECSBLRLT-036" failures="0" tests="1" name="com.atmecs.restapi.getuser.GetUser" time="6.201" errors="0" timestamp="2020-11-05T14:12:20 IST" skipped="0">
  <testcase classname="com.atmecs.restapi.getuser.GetUser" name="getUser" time="6.201"/>
  <system-out/>
</testsuite> <!-- com.atmecs.restapi.getuser.GetUser -->
