<?xml version="1.0" encoding="UTF-8"?>
<!-- Generated by org.testng.reporters.JUnitReportReporter -->
<testsuite hostname="ATMECSBLRLT-036" failures="0" tests="1" name="restapi.GetUser" time="2.386" errors="0" timestamp="2020-11-05T10:45:16 IST" skipped="0">
  <testcase classname="restapi.GetUser" name="getUser" time="2.386"/>
  <system-out/>
</testsuite> <!-- restapi.GetUser -->
