<?xml version="1.0" encoding="UTF-8"?>
<!-- Generated by org.testng.reporters.JUnitReportReporter -->
<testsuite hostname="ATMECSBLRLT-036" failures="0" tests="1" name="com.atmecs.goibibo.SignUpTest" time="26.367" errors="0" timestamp="25 Sep 2020 07:45:42 GMT" skipped="0">
  <testcase classname="com.atmecs.goibibo.SignUpTest" name="signUpTest" time="26.367"/>
</testsuite> <!-- com.atmecs.goibibo.SignUpTest -->
