<?xml version="1.0" encoding="UTF-8"?>
<!-- Generated by org.testng.reporters.JUnitReportReporter -->
<testsuite hostname="ATMECSBLRLT-036" failures="0" tests="1" name="com.atmecs.goibibo.Booking" time="34.131" errors="0" timestamp="21 Sep 2020 11:43:10 GMT" skipped="0">
  <testcase classname="com.atmecs.goibibo.Booking" name="signup" time="34.131"/>
</testsuite> <!-- com.atmecs.goibibo.Booking -->
