<?xml version="1.0" encoding="UTF-8"?>
<!-- Generated by org.testng.reporters.JUnitReportReporter -->
<testsuite hostname="ATMECSBLRLT-036" failures="0" tests="1" name="com.atmecs.goibibo.BookingTest" time="30.076" errors="0" timestamp="25 Sep 2020 07:44:54 GMT" skipped="0">
  <testcase classname="com.atmecs.goibibo.BookingTest" name="bookingTest" time="30.076"/>
</testsuite> <!-- com.atmecs.goibibo.BookingTest -->
