<?xml version="1.0" encoding="UTF-8"?>
<!-- Generated by org.testng.reporters.JUnitReportReporter -->
<testsuite hostname="ATMECSBLRLT-036" failures="0" tests="2" name="com.atmecs.goibibo.SignUpTest" time="98.403" errors="0" timestamp="01 Oct 2020 10:02:50 GMT" skipped="0">
  <testcase classname="com.atmecs.goibibo.SignUpTest" name="signUpTest" time="50.384"/>
  <testcase classname="com.atmecs.goibibo.SignUpTest" name="signUpTest" time="48.019"/>
</testsuite> <!-- com.atmecs.goibibo.SignUpTest -->
