<?xml version="1.0" encoding="UTF-8"?>
<!-- Generated by org.testng.reporters.JUnitReportReporter -->
<testsuite hostname="ATMECSBLRLT-036" failures="0" tests="1" name="com.atmecs.goibibo.SignUpTest" time="26.025" errors="0" timestamp="22 Sep 2020 10:39:54 GMT" skipped="0">
  <testcase classname="com.atmecs.goibibo.SignUpTest" name="booking" time="26.025"/>
</testsuite> <!-- com.atmecs.goibibo.SignUpTest -->
