<?xml version="1.0" encoding="UTF-8"?>
<!-- Generated by org.testng.reporters.JUnitReportReporter -->
<testsuite hostname="ATMECSBLRLT-036" failures="0" tests="2" name="com.atmecs.goibibo.BookingTest" time="67.638" errors="0" timestamp="01 Oct 2020 10:02:50 GMT" skipped="0">
  <testcase classname="com.atmecs.goibibo.BookingTest" name="bookingTest" time="33.947"/>
  <testcase classname="com.atmecs.goibibo.BookingTest" name="bookingTest" time="33.691"/>
</testsuite> <!-- com.atmecs.goibibo.BookingTest -->
