<?xml version="1.0" encoding="UTF-8"?>
<!-- Generated by org.testng.reporters.JUnitReportReporter -->
<testsuite hostname="ATMECSBLRLT-036" failures="0" tests="1" name="com.atmecs.onetomany.empdetails.InsertData" time="2.405" errors="0" timestamp="2020-11-03T14:41:13 IST" skipped="0">
  <testcase classname="com.atmecs.onetomany.empdetails.InsertData" name="insertData" time="2.405"/>
  <system-out/>
</testsuite> <!-- com.atmecs.onetomany.empdetails.InsertData -->
