<?xml version="1.0" encoding="UTF-8"?>
<!-- Generated by org.testng.reporters.JUnitReportReporter -->
<testsuite hostname="ATMECSBLRLT-036" failures="0" tests="1" name="com.atmecs.manytoone.empdetails.InsertData" time="2.199" errors="0" timestamp="2020-10-29T14:53:12 IST" skipped="0">
  <testcase classname="com.atmecs.manytoone.empdetails.InsertData" name="insertData" time="2.199"/>
  <system-out/>
</testsuite> <!-- com.atmecs.manytoone.empdetails.InsertData -->
