<?xml version="1.0" encoding="UTF-8"?>
<!-- Generated by org.testng.reporters.JUnitReportReporter -->
<testsuite hostname="ATMECSBLRLT-036" failures="0" tests="1" name="com.atmecs.demoautomation.FaceBookTest" time="50.119" errors="0" timestamp="25 Sep 2020 10:47:38 GMT" skipped="0">
  <testcase classname="com.atmecs.demoautomation.FaceBookTest" name="faceBookTest" time="50.119"/>
</testsuite> <!-- com.atmecs.demoautomation.FaceBookTest -->
