<?xml version="1.0" encoding="UTF-8"?>
<!-- Generated by org.testng.reporters.JUnitReportReporter -->
<testsuite hostname="ATMECSBLRLT-036" failures="0" tests="1" name="com.atmecs.demoautomation.FaceBookTest" time="0.000" errors="0" timestamp="22 Sep 2020 12:53:52 GMT" skipped="1">
  <testcase classname="com.atmecs.demoautomation.FaceBookTest" name="faceBook" time="0.000">
    <skipped/>
  </testcase> <!-- faceBook -->
</testsuite> <!-- com.atmecs.demoautomation.FaceBookTest -->
