<?xml version="1.0" encoding="UTF-8"?>
<!-- Generated by org.testng.reporters.JUnitReportReporter -->
<testsuite hostname="ATMECSBLRLT-036" failures="0" tests="1" name="com.atmecs.demoblaze.LogInTest" time="8.810" errors="0" timestamp="25 Sep 2020 09:09:29 GMT" skipped="0">
  <testcase classname="com.atmecs.demoblaze.LogInTest" name="logInTest" time="8.810"/>
</testsuite> <!-- com.atmecs.demoblaze.LogInTest -->
