<?xml version="1.0" encoding="UTF-8"?>
<!-- Generated by org.testng.reporters.JUnitReportReporter -->
<testsuite hostname="ATMECSBLRLT-036" failures="0" tests="1" name="com.atmecs.demoblaze.VerifyCartTest" time="18.038" errors="0" timestamp="29 Sep 2020 01:54:22 GMT" skipped="0">
  <testcase classname="com.atmecs.demoblaze.VerifyCartTest" name="verifyCartTest" time="18.038"/>
</testsuite> <!-- com.atmecs.demoblaze.VerifyCartTest -->
