<?xml version="1.0" encoding="UTF-8"?>
<!-- Generated by org.testng.reporters.JUnitReportReporter -->
<testsuite hostname="ATMECSBLRLT-036" failures="0" tests="1" name="com.atmecs.demoblaze.AddToCartTest" time="8.790" errors="0" timestamp="25 Sep 2020 09:09:29 GMT" skipped="0">
  <testcase classname="com.atmecs.demoblaze.AddToCartTest" name="addToCart" time="8.790"/>
</testsuite> <!-- com.atmecs.demoblaze.AddToCartTest -->
