<?xml version="1.0" encoding="UTF-8"?>
<!-- Generated by org.testng.reporters.JUnitReportReporter -->
<testsuite hostname="ATMECSBLRLT-036" failures="0" tests="1" name="com.atmecs.demoblaze.ContactUsTest" time="7.307" errors="0" timestamp="25 Sep 2020 08:09:59 GMT" skipped="0">
  <testcase classname="com.atmecs.demoblaze.ContactUsTest" name="demoBlazeContact" time="7.307"/>
</testsuite> <!-- com.atmecs.demoblaze.ContactUsTest -->
