<?xml version="1.0" encoding="UTF-8"?>
<!-- Generated by org.testng.reporters.JUnitReportReporter -->
<testsuite hostname="ATMECSBLRLT-036" failures="0" tests="1" name="com.atmecs.demoblaze.ContactUsTest" time="3.636" errors="0" timestamp="22 Sep 2020 12:46:58 GMT" skipped="0">
  <testcase classname="com.atmecs.demoblaze.ContactUsTest" name="demoBlazeContact" time="3.636"/>
</testsuite> <!-- com.atmecs.demoblaze.ContactUsTest -->
