<?xml version="1.0" encoding="UTF-8"?>
<!-- Generated by org.testng.reporters.JUnitReportReporter -->
<testsuite hostname="ATMECSBLRLT-036" failures="0" tests="1" name="com.atmecs.jsonsample.PutRequest" time="4.037" errors="0" timestamp="2020-10-13T12:09:44 IST" skipped="0">
  <testcase classname="com.atmecs.jsonsample.PutRequest" name="putRequest" time="4.037"/>
  <system-out/>
</testsuite> <!-- com.atmecs.jsonsample.PutRequest -->
