<?xml version="1.0" encoding="UTF-8"?>
<!-- Generated by org.testng.reporters.JUnitReportReporter -->
<testsuite hostname="ATMECSBLRLT-036" failures="0" tests="1" name="com.atmecs.jsonsample.TestClassGson" time="0.062" errors="0" timestamp="2020-10-19T12:01:17 IST" skipped="0">
  <testcase classname="com.atmecs.jsonsample.TestClassGson" name="postGson" time="0.062"/>
  <system-out/>
</testsuite> <!-- com.atmecs.jsonsample.TestClassGson -->
