<?xml version="1.0" encoding="UTF-8"?>
<!-- Generated by org.testng.reporters.JUnitReportReporter -->
<testsuite hostname="ATMECSBLRLT-036" failures="0" tests="1" name="com.atmecs.jsonsample.TestClass" time="61.794" errors="0" timestamp="2020-10-16T12:29:37 IST" skipped="0">
  <testcase classname="com.atmecs.jsonsample.TestClass" name="testClass" time="61.794"/>
  <system-out/>
</testsuite> <!-- com.atmecs.jsonsample.TestClass -->
