<?xml version="1.0" encoding="UTF-8"?>
<!-- Generated by org.testng.reporters.JUnitReportReporter -->
<testsuite hostname="ATMECSBLRLT-036" failures="0" tests="1" name="com.atmecs.jsonsample.getrequest.GetUsingJson" time="0.061" errors="0" timestamp="2020-10-19T15:33:45 IST" skipped="0">
  <testcase classname="com.atmecs.jsonsample.getrequest.GetUsingJson" name="getUsingJson" time="0.061"/>
  <system-out/>
</testsuite> <!-- com.atmecs.jsonsample.getrequest.GetUsingJson -->
