<?xml version="1.0" encoding="UTF-8"?>
<!-- Generated by org.testng.reporters.JUnitReportReporter -->
<testsuite hostname="ATMECSBLRLT-036" failures="0" tests="1" name="com.atmecs.jsonsample.postrequest.PostUsingGson" time="0.064" errors="0" timestamp="2020-10-19T16:00:02 IST" skipped="0">
  <testcase classname="com.atmecs.jsonsample.postrequest.PostUsingGson" name="postGson" time="0.064"/>
  <system-out/>
</testsuite> <!-- com.atmecs.jsonsample.postrequest.PostUsingGson -->
