<?xml version="1.0" encoding="UTF-8"?>
<!-- Generated by org.testng.reporters.JUnitReportReporter -->
<testsuite hostname="ATMECSBLRLT-036" failures="0" tests="1" name="com.atmecs.cascade.Employee.Insertdata" time="2.244" errors="0" timestamp="2020-10-27T17:38:42 IST" skipped="0">
  <testcase classname="com.atmecs.cascade.Employee.Insertdata" name="insertData" time="2.244"/>
  <system-out/>
</testsuite> <!-- com.atmecs.cascade.Employee.Insertdata -->
