<?xml version="1.0" encoding="UTF-8"?>
<!-- Generated by org.testng.reporters.JUnitReportReporter -->
<testsuite hostname="ATMECSBLRLT-036" failures="0" tests="1" name="com.atmecs.cascade.Employee.DeleteData" time="4.403" errors="0" timestamp="2020-10-27T17:37:25 IST" skipped="0">
  <testcase classname="com.atmecs.cascade.Employee.DeleteData" name="deleteData" time="4.403"/>
  <system-out/>
</testsuite> <!-- com.atmecs.cascade.Employee.DeleteData -->
