<?xml version="1.0" encoding="UTF-8"?>
<!-- Generated by org.testng.reporters.JUnitReportReporter -->
<testsuite hostname="ATMECSBLRLT-036" failures="0" tests="1" name="com.atmecs.cascade.Employee.ReadData" time="7.752" errors="0" timestamp="2020-10-27T12:50:39 IST" skipped="0">
  <testcase classname="com.atmecs.cascade.Employee.ReadData" name="readData" time="7.752"/>
  <system-out/>
</testsuite> <!-- com.atmecs.cascade.Employee.ReadData -->
