<?xml version="1.0" encoding="UTF-8"?>
<!-- Generated by org.testng.reporters.JUnitReportReporter -->
<testsuite hostname="ATMECSBLRLT-036" failures="0" tests="1" name="com.atmecs.cascade.Employee.UpdateData" time="11.577" errors="0" timestamp="2020-10-27T17:40:10 IST" skipped="0">
  <testcase classname="com.atmecs.cascade.Employee.UpdateData" name="readData" time="11.577"/>
  <system-out/>
</testsuite> <!-- com.atmecs.cascade.Employee.UpdateData -->
