<?xml version="1.0" encoding="UTF-8"?>
<!-- Generated by org.testng.reporters.JUnitReportReporter -->
<testsuite hostname="ATMECSBLRLT-036" failures="0" tests="1" name="com.atemcs.allinone.employeedb.ManyToMany" time="2.290" errors="0" timestamp="2020-11-05T16:16:06 IST" skipped="0">
  <testcase classname="com.atemcs.allinone.employeedb.ManyToMany" name="insertData" time="2.290"/>
  <system-out/>
</testsuite> <!-- com.atemcs.allinone.employeedb.ManyToMany -->
