<?xml version="1.0" encoding="UTF-8"?>
<!-- Generated by org.testng.reporters.JUnitReportReporter -->
<testsuite hostname="ATMECSBLRLT-036" failures="0" tests="1" name="com.atemcs.allinone.employeedb.OneToOne" time="2.119" errors="0" timestamp="2020-11-04T10:55:13 IST" skipped="0">
  <testcase classname="com.atemcs.allinone.employeedb.OneToOne" name="insertData" time="2.119"/>
  <system-out/>
</testsuite> <!-- com.atemcs.allinone.employeedb.OneToOne -->
