<?xml version="1.0" encoding="UTF-8"?>
<!-- Generated by org.testng.reporters.JUnitReportReporter -->
<testsuite hostname="ATMECSBLRLT-036" failures="0" tests="1" name="com.atemcs.allinone.employeedb.OneToMany" time="2.515" errors="0" timestamp="2020-11-03T21:13:15 IST" skipped="0">
  <testcase classname="com.atemcs.allinone.employeedb.OneToMany" name="insertData" time="2.515"/>
  <system-out/>
</testsuite> <!-- com.atemcs.allinone.employeedb.OneToMany -->
