<?xml version="1.0" encoding="UTF-8"?>
<!-- Generated by org.testng.reporters.JUnitReportReporter -->
<testsuite hostname="ATMECSBLRLT-036" failures="0" tests="1" name="com.atmecs.bionetoone.employee.Insertdata" time="2.262" errors="0" timestamp="2020-10-29T17:01:02 IST" skipped="0">
  <testcase classname="com.atmecs.bionetoone.employee.Insertdata" name="insertData" time="2.262"/>
  <system-out/>
</testsuite> <!-- com.atmecs.bionetoone.employee.Insertdata -->
