<?xml version="1.0" encoding="UTF-8"?>
<!-- Generated by org.testng.reporters.JUnitReportReporter -->
<testsuite hostname="ATMECSBLRLT-036" failures="0" tests="4" name="com.atmecs.exceldata.ExcelTest" time="297.570" errors="0" timestamp="01 Oct 2020 09:01:03 GMT" skipped="0">
  <testcase classname="com.atmecs.exceldata.ExcelTest" name="ReadData" time="69.171"/>
  <testcase classname="com.atmecs.exceldata.ExcelTest" name="ReadData" time="98.682"/>
  <testcase classname="com.atmecs.exceldata.ExcelTest" name="ReadData" time="62.130"/>
  <testcase classname="com.atmecs.exceldata.ExcelTest" name="ReadData" time="67.587"/>
</testsuite> <!-- com.atmecs.exceldata.ExcelTest -->
