<?xml version="1.0" encoding="UTF-8"?>
<!-- Generated by org.testng.reporters.JUnitReportReporter -->
<testsuite hostname="ATMECSBLRLT-036" failures="0" tests="6" name="com.atmecs.exceldata.ExcelTest" time="408.018" errors="0" timestamp="07 Oct 2020 08:46:20 GMT" skipped="0">
  <testcase classname="com.atmecs.exceldata.ExcelTest" name="ReadData" time="67.933"/>
  <testcase classname="com.atmecs.exceldata.ExcelTest" name="ReadData" time="57.886"/>
  <testcase classname="com.atmecs.exceldata.ExcelTest" name="ReadData" time="60.121"/>
  <testcase classname="com.atmecs.exceldata.ExcelTest" name="ReadData" time="73.410"/>
  <testcase classname="com.atmecs.exceldata.ExcelTest" name="ReadData" time="85.238"/>
  <testcase classname="com.atmecs.exceldata.ExcelTest" name="ReadData" time="63.430"/>
</testsuite> <!-- com.atmecs.exceldata.ExcelTest -->
