<?xml version="1.0" encoding="UTF-8"?>
<!-- Generated by org.testng.reporters.JUnitReportReporter -->
<testsuite hostname="ATMECSBLRLT-036" failures="0" tests="2" name="com.atmecs.exceldata.ExcelData" time="117.748" errors="0" timestamp="29 Sep 2020 05:48:54 GMT" skipped="0">
  <testcase classname="com.atmecs.exceldata.ExcelData" name="ReadData" time="55.721"/>
  <testcase classname="com.atmecs.exceldata.ExcelData" name="ReadData" time="62.027"/>
</testsuite> <!-- com.atmecs.exceldata.ExcelData -->
