<?xml version="1.0" encoding="UTF-8"?>
<!-- Generated by org.testng.reporters.JUnitReportReporter -->
<testsuite hostname="ATMECSBLRLT-036" failures="0" tests="1" name="com.atmecs.exceldata.ReadExcelSheet" time="0.000" errors="1" timestamp="28 Sep 2020 16:35:07 GMT" skipped="0">
  <testcase classname="com.atmecs.exceldata.ReadExcelSheet" name="readExcelSheet" time="0.000">
    <error message="
Cannot instantiate class com.atmecs.chatbox.utilitiesfile.SetExcelFile" type="org.testng.TestNGException">
      <![CDATA[org.testng.TestNGException: 
Cannot instantiate class com.atmecs.chatbox.utilitiesfile.SetExcelFile
at org.testng.internal.ClassHelper.newInstance(ClassHelper.java:71)
at org.testng.internal.Parameters.findDataProvider(Parameters.java:582)
at org.testng.internal.Parameters.findDataProvider(Parameters.java:509)
at org.testng.internal.Parameters.handleParameters(Parameters.java:691)
at org.testng.internal.ParameterHandler.handleParameters(ParameterHandler.java:49)
at org.testng.internal.ParameterHandler.createParameters(ParameterHandler.java:37)
at org.testng.internal.Invoker.invokeTestMethods(Invoker.java:924)
at org.testng.internal.TestMethodWorker.invokeTestMethods(TestMethodWorker.java:125)
at org.testng.internal.TestMethodWorker.run(TestMethodWorker.java:109)
at org.testng.TestRunner.privateRun(TestRunner.java:648)
at org.testng.TestRunner.run(TestRunner.java:505)
at org.testng.SuiteRunner.runTest(SuiteRunner.java:455)
at org.testng.SuiteRunner.runSequentially(SuiteRunner.java:450)
at org.testng.SuiteRunner.privateRun(SuiteRunner.java:415)
at org.testng.SuiteRunner.run(SuiteRunner.java:364)
at org.testng.SuiteRunnerWorker.runSuite(SuiteRunnerWorker.java:52)
at org.testng.SuiteRunnerWorker.run(SuiteRunnerWorker.java:84)
at org.testng.TestNG.runSuitesSequentially(TestNG.java:1208)
at org.testng.TestNG.runSuitesLocally(TestNG.java:1137)
at org.testng.TestNG.runSuites(TestNG.java:1049)
at org.testng.TestNG.run(TestNG.java:1017)
at org.testng.remote.AbstractRemoteTestNG.run(AbstractRemoteTestNG.java:115)
at org.testng.remote.RemoteTestNG.initAndRun(RemoteTestNG.java:251)
at org.testng.remote.RemoteTestNG.main(RemoteTestNG.java:77)
Caused by: java.lang.InstantiationException: com.atmecs.chatbox.utilitiesfile.SetExcelFile
at java.base/java.lang.Class.newInstance(Class.java:584)
at org.testng.internal.ClassHelper.newInstance(ClassHelper.java:69)
... 23 more
Caused by: java.lang.NoSuchMethodException: com.atmecs.chatbox.utilitiesfile.SetExcelFile.<init>()
at java.base/java.lang.Class.getConstructor0(Class.java:3354)
at java.base/java.lang.Class.newInstance(Class.java:571)
... 24 more
]]>
    </error>
  </testcase> <!-- readExcelSheet -->
</testsuite> <!-- com.atmecs.exceldata.ReadExcelSheet -->
