<?xml version="1.0" encoding="UTF-8"?>
<!-- Generated by org.testng.reporters.JUnitReportReporter -->
<testsuite hostname="ATMECSBLRLT-036" failures="0" tests="2" name="com.atmecs.exceldata.ExcelData" time="129.793" errors="0" timestamp="29 Sep 2020 04:59:41 GMT" skipped="0">
  <testcase classname="com.atmecs.exceldata.ExcelData" name="ReadData" time="70.915"/>
  <testcase classname="com.atmecs.exceldata.ExcelData" name="ReadData" time="58.878"/>
</testsuite> <!-- com.atmecs.exceldata.ExcelData -->
