<?xml version="1.0" encoding="UTF-8"?>
<!-- Generated by org.testng.reporters.JUnitReportReporter -->
<testsuite hostname="ATMECSBLRLT-036" failures="0" tests="1" name="com.atmecs.hibernate.crud.ReadFromDb" time="2.158" errors="0" timestamp="2020-10-20T14:50:11 IST" skipped="0">
  <testcase classname="com.atmecs.hibernate.crud.ReadFromDb" name="readFromDb" time="2.158"/>
  <system-out/>
</testsuite> <!-- com.atmecs.hibernate.crud.ReadFromDb -->
