<?xml version="1.0" encoding="UTF-8"?>
<!-- Generated by org.testng.reporters.JUnitReportReporter -->
<testsuite hostname="ATMECSBLRLT-036" failures="0" tests="1" name="com.atmecs.hibernate.crud.DeleteRecord" time="2.011" errors="0" timestamp="2020-10-20T15:41:03 IST" skipped="0">
  <testcase classname="com.atmecs.hibernate.crud.DeleteRecord" name="deleteRecord" time="2.011"/>
  <system-out/>
</testsuite> <!-- com.atmecs.hibernate.crud.DeleteRecord -->
